<?xml version='1.0' encoding='UTF-8'?>
<testsuite hostname="localhost" name="specs.SchemaValidateEndpointSpec" tests="4" errors="0" failures="0" skipped="0" time="1.432" timestamp="2021-08-04T08:41:07">
          <properties>
[...]
</properties>
          <testcase classname="specs.SchemaValidateEndpointSpec" name="Calling on /Schema/Id with a POST request with an invalid document schema should return a bad request status code" time="1.161">
                      
                    </testcase><testcase classname="specs.SchemaValidateEndpointSpec" name="Calling on /Schema/Id with a POST request with a valid document schema should return a 200 status code" time="0.244">
                      
                    </testcase><testcase classname="specs.SchemaValidateEndpointSpec" name="Calling on /Schema/Id with a POST request with a valid Json document but a missing schema should should return a Not found status code" time="0.006">
                      
                    </testcase><testcase classname="specs.SchemaValidateEndpointSpec" name="Calling on /Schema/Id with a POST request with a valid Json document that is invalid against the stored schema, should return a Json error" time="0.021">
                      
                    </testcase>
          <system-out><![CDATA[]]></system-out>
          <system-err><![CDATA[]]></system-err>
        </testsuite>